<?xml version='1.0' encoding='UTF-8'?>
<faces-config xmlns="http://java.sun.com/xml/ns/javaee"
    xmlns:xsi="http://www.w3.org/2001/XMLSchema-instance"
    xsi:schemaLocation="http://java.sun.com/xml/ns/javaee/web-facesconfig_1_2.xsd"
    version="1.2">

  <application>
    <locale-config>
       <default-locale>fr</default-locale>
       <supported-locale>en</supported-locale>
       <supported-locale>fr</supported-locale>
    </locale-config>
    <message-bundle>samples</message-bundle>
    <message-bundle var='defaultMsg'>asf</message-bundle>
  </application>

</faces-config>
