<?xml version='1.0' encoding='UTF-8'?>
<faces-config xmlns="http://java.sun.com/xml/ns/javaee"
    xmlns:xsi="http://www.w3.org/2001/XMLSchema-instance"
    xsi:schemaLocation="http://java.sun.com/xml/ns/javaee http://java.sun.com/xml/ns/javaee/web-facesconfig_1_2.xsd"
    version="1.2">

  <navigation-rule>
    <from-view-id>/register.html</from-view-id>
    <navigation-case>
      <from-outcome>success</from-outcome>
      <to-view-id>/success.html</to-view-id>
    </navigation-case>

    <navigation-case>
      <from-outcome>failure</from-outcome>
      <to-view-id>/failure.html</to-view-id>
    </navigation-case>

    <navigation-case>
      <from-action>#{register.submit}</from-action>
      <from-outcome>success</from-outcome>
      <to-view-id>/submit.html</to-view-id>
    </navigation-case>

    <navigation-case>
      <from-action>#{register.renew}</from-action>
      <from-outcome>success</from-outcome>
      <to-view-id>/renew.html</to-view-id>
    </navigation-case>

    <navigation-case>
      <to-view-id>/unknown.html</to-view-id>
    </navigation-case>
  </navigation-rule>

  <navigation-rule>
    <from-view-id>/tests/form-nav.xhtml</from-view-id>
    <navigation-case>
      <from-action>#{form.save}</from-action>
      <from-outcome>success</from-outcome>
      <to-view-id>/tests/nav-success.xhtml</to-view-id>
    </navigation-case>
  </navigation-rule>

  <navigation-rule>
    <from-view-id>/tests/form-nav-partial.xhtml</from-view-id>
    <navigation-case>
      <from-outcome>success</from-outcome>
      <to-view-id>/tests/nav-partial.xhtml</to-view-id>
    </navigation-case>
  </navigation-rule>

  <navigation-rule>
    <from-view-id>/tests/form-nav-exception.xhtml</from-view-id>
    <navigation-case>
      <from-outcome>asf.applications.tests.test_exception</from-outcome>
      <to-view-id>/tests/nav-exception.xhtml</to-view-id>
    </navigation-case>
  </navigation-rule>

  <navigation-rule>
    <from-view-id>/tests/form-nav-condition.xhtml</from-view-id>
    <navigation-case>
      <if>#{empty form.email}</if>
      <to-view-id>ERROR</to-view-id>
    </navigation-case>

    <navigation-case>
      <if>#{empty form.name}</if>
      <to-view-id>ERROR</to-view-id>
    </navigation-case>

    <from-view-id>/tests/form-nav-condition.xhtml</from-view-id>
    <navigation-case>
      <if>#{not empty form.email}</if>
      <to-view-id>/tests/nav-condition.xhtml</to-view-id>
    </navigation-case>
  </navigation-rule>

  <navigation-rule>
    <from-view-id>/tests/*</from-view-id>
    <navigation-case>
      <from-outcome>asf.applications.tests.test_exception</from-outcome>
      <to-view-id>/tests/nav-wildcard-exception.xhtml</to-view-id>
    </navigation-case>

    <navigation-case>
      <from-outcome>success</from-outcome>
      <to-view-id>/tests/nav-wildcard-success.xhtml</to-view-id>
    </navigation-case>
  </navigation-rule>

</faces-config>
